<?xml version="1.0" encoding="UTF-8"?>
<testsuite name="main.AssertTest" time="23.782" tests="1" errors="0" skipped="0" failures="1">
  <properties>
[...]
</properties>
  <testcase name="testAssert" classname="main.AssertTest" time="23.782">
    <failure message="expected:&lt;...vaServerFaces/faces/[add].xhtml&gt; but was:&lt;...vaServerFaces/faces/[index].xhtml&gt;" type="org.junit.ComparisonFailure"><![CDATA[org.junit.ComparisonFailure: expected:<...vaServerFaces/faces/[add].xhtml> but was:<...vaServerFaces/faces/[index].xhtml>
	at org.junit.Assert.assertEquals(Assert.java:125)
	at org.junit.Assert.assertEquals(Assert.java:147)
	at main.AssertTest.testAssert(AssertTest.java:43)
]]></failure>
    <system-out><![CDATA[2017-09-26 19:56:04 DEBUG RequestAddCookies:122 - CookieSpec selected: default
2017-09-26 19:56:04 DEBUG RequestAuthCache:76 - Auth cache not set in the context
2017-09-26 19:56:04 DEBUG PoolingHttpClientConnectionManager:249 - Connection request: [route: {}->http://localhost:23818][total kept alive: 0; route allocated: 0 of 2000; total allocated: 0 of 2000]
2017-09-26 19:56:04 DEBUG PoolingHttpClientConnectionManager:282 - Connection leased: [id: 24][route: {}->http://localhost:23818][total kept alive: 0; route allocated: 1 of 2000; total allocated: 1 of 2000]
2017-09-26 19:56:04 DEBUG MainClientExec:234 - Opening connection {}->http://localhost:23818
2017-09-26 19:56:04 DEBUG DefaultHttpClientConnectionOperator:138 - Connecting to localhost/127.0.0.1:23818
2017-09-26 19:56:04 DEBUG DefaultHttpClientConnectionOperator:145 - Connection established 127.0.0.1:54376<->127.0.0.1:23818
2017-09-26 19:56:04 DEBUG DefaultManagedHttpClientConnection:90 - http-outgoing-24: set socket timeout to 10800000
2017-09-26 19:56:04 DEBUG MainClientExec:255 - Executing request POST /session HTTP/1.1
2017-09-26 19:56:04 DEBUG MainClientExec:260 - Target auth state: UNCHALLENGED
2017-09-26 19:56:04 DEBUG MainClientExec:266 - Proxy auth state: UNCHALLENGED
2017-09-26 19:56:04 DEBUG headers:135 - http-outgoing-24 >> POST /session HTTP/1.1
2017-09-26 19:56:04 DEBUG headers:138 - http-outgoing-24 >> Content-Type: application/json; charset=utf-8
2017-09-26 19:56:04 DEBUG headers:138 - http-outgoing-24 >> Content-Length: 317
2017-09-26 19:56:04 DEBUG headers:138 - http-outgoing-24 >> Host: localhost:23818
2017-09-26 19:56:04 DEBUG headers:138 - http-outgoing-24 >> Connection: Keep-Alive
2017-09-26 19:56:04 DEBUG headers:138 - http-outgoing-24 >> User-Agent: Apache-HttpClient/4.5.2 (Java/1.8.0_144)
2017-09-26 19:56:04 DEBUG headers:138 - http-outgoing-24 >> Accept-Encoding: gzip,deflate
2017-09-26 19:56:04 DEBUG wire:72 - http-outgoing-24 >> "POST /session HTTP/1.1[\r][\n]"
2017-09-26 19:56:04 DEBUG wire:72 - http-outgoing-24 >> "Content-Type: application/json; charset=utf-8[\r][\n]"
2017-09-26 19:56:04 DEBUG wire:72 - http-outgoing-24 >> "Content-Length: 317[\r][\n]"
2017-09-26 19:56:04 DEBUG wire:72 - http-outgoing-24 >> "Host: localhost:23818[\r][\n]"
2017-09-26 19:56:04 DEBUG wire:72 - http-outgoing-24 >> "Connection: Keep-Alive[\r][\n]"
2017-09-26 19:56:04 DEBUG wire:72 - http-outgoing-24 >> "User-Agent: Apache-HttpClient/4.5.2 (Java/1.8.0_144)[\r][\n]"
2017-09-26 19:56:04 DEBUG wire:72 - http-outgoing-24 >> "Accept-Encoding: gzip,deflate[\r][\n]"
2017-09-26 19:56:04 DEBUG wire:72 - http-outgoing-24 >> "[\r][\n]"
2017-09-26 19:56:04 DEBUG wire:86 - http-outgoing-24 >> "{"capabilities": {"desiredCapabilities": {"browserName":"chrome","chromeOptions":{"args":[],"extensions":[]},"version":"","platform":"ANY"},"requiredCapabilities": {}},"desiredCapabilities": {"browserName":"chrome","chromeOptions":{"args":[],"extensions":[]},"version":"","platform":"ANY"},"requiredCapabilities": {}}"
2017-09-26 19:56:06 DEBUG wire:72 - http-outgoing-24 << "HTTP/1.1 200 OK[\r][\n]"
2017-09-26 19:56:06 DEBUG wire:72 - http-outgoing-24 << "Content-Length:759[\r][\n]"
2017-09-26 19:56:06 DEBUG wire:72 - http-outgoing-24 << "Content-Type:application/json; charset=utf-8[\r][\n]"
2017-09-26 19:56:06 DEBUG wire:72 - http-outgoing-24 << "Connection:close[\r][\n]"
2017-09-26 19:56:06 DEBUG wire:72 - http-outgoing-24 << "[\r][\n]"
2017-09-26 19:56:06 DEBUG wire:86 - http-outgoing-24 << "{"sessionId":"78751794dcff9c2bbc1f761e0b9e7a1e","status":0,"value":{"acceptSslCerts":true,"applicationCacheEnabled":false,"browserConnectionEnabled":false,"browserName":"chrome","chrome":{"chromedriverVersion":"2.28.455520 (cc17746adff54984afff480136733114c6b3704b)","userDataDir":"C:\\windows\\TEMP\\scoped_dir15984_26884"},"cssSelectorsEnabled":true,"databaseEnabled":false,"handlesAlerts":true,"hasTouchScreen":false,"javascriptEnabled":true,"locationContextEnabled":true,"mobileEmulationEnabled":false,"nativeEvents":true,"networkConnectionEnabled":false,"pageLoadStrategy":"normal","platform":"Windows NT","rotatable":false,"takesHeapSnapshot":true,"takesScreenshot":true,"unexpectedAlertBehaviour":"","version":"61.0.3163.100","webStorageEnabled":true}}"
2017-09-26 19:56:06 DEBUG headers:124 - http-outgoing-24 << HTTP/1.1 200 OK
2017-09-26 19:56:06 DEBUG headers:127 - http-outgoing-24 << Content-Length:759
2017-09-26 19:56:06 DEBUG headers:127 - http-outgoing-24 << Content-Type:application/json; charset=utf-8
2017-09-26 19:56:06 DEBUG headers:127 - http-outgoing-24 << Connection:close
2017-09-26 19:56:06 DEBUG DefaultManagedHttpClientConnection:81 - http-outgoing-24: Close connection
2017-09-26 19:56:06 DEBUG MainClientExec:103 - Connection discarded
2017-09-26 19:56:06 DEBUG PoolingHttpClientConnectionManager:320 - Connection released: [id: 24][route: {}->http://localhost:23818][total kept alive: 0; route allocated: 0 of 2000; total allocated: 0 of 2000]
2017-09-26 19:56:06 DEBUG RequestAddCookies:122 - CookieSpec selected: default
2017-09-26 19:56:06 DEBUG RequestAuthCache:76 - Auth cache not set in the context
2017-09-26 19:56:06 DEBUG PoolingHttpClientConnectionManager:249 - Connection request: [route: {}->http://localhost:23818][total kept alive: 0; route allocated: 0 of 2000; total allocated: 0 of 2000]
2017-09-26 19:56:06 DEBUG PoolingHttpClientConnectionManager:282 - Connection leased: [id: 25][route: {}->http://localhost:23818][total kept alive: 0; route allocated: 1 of 2000; total allocated: 1 of 2000]
2017-09-26 19:56:06 DEBUG MainClientExec:234 - Opening connection {}->http://localhost:23818
2017-09-26 19:56:06 DEBUG DefaultHttpClientConnectionOperator:138 - Connecting to localhost/127.0.0.1:23818
2017-09-26 19:56:06 DEBUG DefaultHttpClientConnectionOperator:145 - Connection established 127.0.0.1:54386<->127.0.0.1:23818
2017-09-26 19:56:06 DEBUG DefaultManagedHttpClientConnection:90 - http-outgoing-25: set socket timeout to 10800000
2017-09-26 19:56:06 DEBUG MainClientExec:255 - Executing request POST /session/78751794dcff9c2bbc1f761e0b9e7a1e/window/current/maximize HTTP/1.1
2017-09-26 19:56:06 DEBUG MainClientExec:260 - Target auth state: UNCHALLENGED
2017-09-26 19:56:06 DEBUG MainClientExec:266 - Proxy auth state: UNCHALLENGED
2017-09-26 19:56:06 DEBUG headers:135 - http-outgoing-25 >> POST /session/78751794dcff9c2bbc1f761e0b9e7a1e/window/current/maximize HTTP/1.1
2017-09-26 19:56:06 DEBUG headers:138 - http-outgoing-25 >> Content-Type: application/json; charset=utf-8
2017-09-26 19:56:06 DEBUG headers:138 - http-outgoing-25 >> Content-Length: 45
2017-09-26 19:56:06 DEBUG headers:138 - http-outgoing-25 >> Host: localhost:23818
2017-09-26 19:56:06 DEBUG headers:138 - http-outgoing-25 >> Connection: Keep-Alive
2017-09-26 19:56:06 DEBUG headers:138 - http-outgoing-25 >> User-Agent: Apache-HttpClient/4.5.2 (Java/1.8.0_144)
2017-09-26 19:56:06 DEBUG headers:138 - http-outgoing-25 >> Accept-Encoding: gzip,deflate
2017-09-26 19:56:06 DEBUG wire:72 - http-outgoing-25 >> "POST /session/78751794dcff9c2bbc1f761e0b9e7a1e/window/current/maximize HTTP/1.1[\r][\n]"
2017-09-26 19:56:06 DEBUG wire:72 - http-outgoing-25 >> "Content-Type: application/json; charset=utf-8[\r][\n]"
2017-09-26 19:56:06 DEBUG wire:72 - http-outgoing-25 >> "Content-Length: 45[\r][\n]"
2017-09-26 19:56:06 DEBUG wire:72 - http-outgoing-25 >> "Host: localhost:23818[\r][\n]"
2017-09-26 19:56:06 DEBUG wire:72 - http-outgoing-25 >> "Connection: Keep-Alive[\r][\n]"
2017-09-26 19:56:06 DEBUG wire:72 - http-outgoing-25 >> "User-Agent: Apache-HttpClient/4.5.2 (Java/1.8.0_144)[\r][\n]"
2017-09-26 19:56:06 DEBUG wire:72 - http-outgoing-25 >> "Accept-Encoding: gzip,deflate[\r][\n]"
2017-09-26 19:56:06 DEBUG wire:72 - http-outgoing-25 >> "[\r][\n]"
2017-09-26 19:56:06 DEBUG wire:86 - http-outgoing-25 >> "{"windowHandle":"current","handle":"current"}"
2017-09-26 19:56:08 DEBUG wire:72 - http-outgoing-25 << "HTTP/1.1 200 OK[\r][\n]"
2017-09-26 19:56:08 DEBUG wire:72 - http-outgoing-25 << "Content-Length:72[\r][\n]"
2017-09-26 19:56:08 DEBUG wire:72 - http-outgoing-25 << "Content-Type:application/json; charset=utf-8[\r][\n]"
2017-09-26 19:56:08 DEBUG wire:72 - http-outgoing-25 << "Connection:close[\r][\n]"
2017-09-26 19:56:08 DEBUG wire:72 - http-outgoing-25 << "[\r][\n]"
2017-09-26 19:56:08 DEBUG wire:86 - http-outgoing-25 << "{"sessionId":"78751794dcff9c2bbc1f761e0b9e7a1e","status":0,"value":null}"
2017-09-26 19:56:08 DEBUG headers:124 - http-outgoing-25 << HTTP/1.1 200 OK
2017-09-26 19:56:08 DEBUG headers:127 - http-outgoing-25 << Content-Length:72
2017-09-26 19:56:08 DEBUG headers:127 - http-outgoing-25 << Content-Type:application/json; charset=utf-8
2017-09-26 19:56:08 DEBUG headers:127 - http-outgoing-25 << Connection:close
2017-09-26 19:56:08 DEBUG DefaultManagedHttpClientConnection:81 - http-outgoing-25: Close connection
2017-09-26 19:56:08 DEBUG MainClientExec:103 - Connection discarded
2017-09-26 19:56:08 DEBUG PoolingHttpClientConnectionManager:320 - Connection released: [id: 25][route: {}->http://localhost:23818][total kept alive: 0; route allocated: 0 of 2000; total allocated: 0 of 2000]
2017-09-26 19:56:08 DEBUG RequestAddCookies:122 - CookieSpec selected: default
2017-09-26 19:56:08 DEBUG RequestAuthCache:76 - Auth cache not set in the context
2017-09-26 19:56:08 DEBUG PoolingHttpClientConnectionManager:249 - Connection request: [route: {}->http://localhost:23818][total kept alive: 0; route allocated: 0 of 2000; total allocated: 0 of 2000]
2017-09-26 19:56:08 DEBUG PoolingHttpClientConnectionManager:282 - Connection leased: [id: 26][route: {}->http://localhost:23818][total kept alive: 0; route allocated: 1 of 2000; total allocated: 1 of 2000]
2017-09-26 19:56:08 DEBUG MainClientExec:234 - Opening connection {}->http://localhost:23818
2017-09-26 19:56:08 DEBUG DefaultHttpClientConnectionOperator:138 - Connecting to localhost/127.0.0.1:23818
2017-09-26 19:56:08 DEBUG DefaultHttpClientConnectionOperator:145 - Connection established 127.0.0.1:54390<->127.0.0.1:23818
2017-09-26 19:56:08 DEBUG DefaultManagedHttpClientConnection:90 - http-outgoing-26: set socket timeout to 10800000
2017-09-26 19:56:08 DEBUG MainClientExec:255 - Executing request POST /session/78751794dcff9c2bbc1f761e0b9e7a1e/url HTTP/1.1
2017-09-26 19:56:08 DEBUG MainClientExec:260 - Target auth state: UNCHALLENGED
2017-09-26 19:56:08 DEBUG MainClientExec:266 - Proxy auth state: UNCHALLENGED
2017-09-26 19:56:08 DEBUG headers:135 - http-outgoing-26 >> POST /session/78751794dcff9c2bbc1f761e0b9e7a1e/url HTTP/1.1
2017-09-26 19:56:08 DEBUG headers:138 - http-outgoing-26 >> Content-Type: application/json; charset=utf-8
2017-09-26 19:56:08 DEBUG headers:138 - http-outgoing-26 >> Content-Length: 65
2017-09-26 19:56:08 DEBUG headers:138 - http-outgoing-26 >> Host: localhost:23818
2017-09-26 19:56:08 DEBUG headers:138 - http-outgoing-26 >> Connection: Keep-Alive
2017-09-26 19:56:08 DEBUG headers:138 - http-outgoing-26 >> User-Agent: Apache-HttpClient/4.5.2 (Java/1.8.0_144)
2017-09-26 19:56:08 DEBUG headers:138 - http-outgoing-26 >> Accept-Encoding: gzip,deflate
2017-09-26 19:56:08 DEBUG wire:72 - http-outgoing-26 >> "POST /session/78751794dcff9c2bbc1f761e0b9e7a1e/url HTTP/1.1[\r][\n]"
2017-09-26 19:56:08 DEBUG wire:72 - http-outgoing-26 >> "Content-Type: application/json; charset=utf-8[\r][\n]"
2017-09-26 19:56:08 DEBUG wire:72 - http-outgoing-26 >> "Content-Length: 65[\r][\n]"
2017-09-26 19:56:08 DEBUG wire:72 - http-outgoing-26 >> "Host: localhost:23818[\r][\n]"
2017-09-26 19:56:08 DEBUG wire:72 - http-outgoing-26 >> "Connection: Keep-Alive[\r][\n]"
2017-09-26 19:56:08 DEBUG wire:72 - http-outgoing-26 >> "User-Agent: Apache-HttpClient/4.5.2 (Java/1.8.0_144)[\r][\n]"
2017-09-26 19:56:08 DEBUG wire:72 - http-outgoing-26 >> "Accept-Encoding: gzip,deflate[\r][\n]"
2017-09-26 19:56:08 DEBUG wire:72 - http-outgoing-26 >> "[\r][\n]"
2017-09-26 19:56:08 DEBUG wire:86 - http-outgoing-26 >> "{"url":"http://localhost:8181/JavaServerFaces/faces/index.html "}"
2017-09-26 19:56:13 DEBUG wire:72 - http-outgoing-26 << "HTTP/1.1 200 OK[\r][\n]"
2017-09-26 19:56:13 DEBUG wire:72 - http-outgoing-26 << "Content-Length:72[\r][\n]"
2017-09-26 19:56:13 DEBUG wire:72 - http-outgoing-26 << "Content-Type:application/json; charset=utf-8[\r][\n]"
2017-09-26 19:56:13 DEBUG wire:72 - http-outgoing-26 << "Connection:close[\r][\n]"
2017-09-26 19:56:13 DEBUG wire:72 - http-outgoing-26 << "[\r][\n]"
2017-09-26 19:56:13 DEBUG wire:86 - http-outgoing-26 << "{"sessionId":"78751794dcff9c2bbc1f761e0b9e7a1e","status":0,"value":null}"
2017-09-26 19:56:13 DEBUG headers:124 - http-outgoing-26 << HTTP/1.1 200 OK
2017-09-26 19:56:13 DEBUG headers:127 - http-outgoing-26 << Content-Length:72
2017-09-26 19:56:13 DEBUG headers:127 - http-outgoing-26 << Content-Type:application/json; charset=utf-8
2017-09-26 19:56:13 DEBUG headers:127 - http-outgoing-26 << Connection:close
2017-09-26 19:56:13 DEBUG DefaultManagedHttpClientConnection:81 - http-outgoing-26: Close connection
2017-09-26 19:56:13 DEBUG MainClientExec:103 - Connection discarded
2017-09-26 19:56:13 DEBUG PoolingHttpClientConnectionManager:320 - Connection released: [id: 26][route: {}->http://localhost:23818][total kept alive: 0; route allocated: 0 of 2000; total allocated: 0 of 2000]
2017-09-26 19:56:16 DEBUG RequestAddCookies:122 - CookieSpec selected: default
2017-09-26 19:56:16 DEBUG RequestAuthCache:76 - Auth cache not set in the context
2017-09-26 19:56:16 DEBUG PoolingHttpClientConnectionManager:249 - Connection request: [route: {}->http://localhost:23818][total kept alive: 0; route allocated: 0 of 2000; total allocated: 0 of 2000]
2017-09-26 19:56:16 DEBUG PoolingHttpClientConnectionManager:282 - Connection leased: [id: 27][route: {}->http://localhost:23818][total kept alive: 0; route allocated: 1 of 2000; total allocated: 1 of 2000]
2017-09-26 19:56:16 DEBUG MainClientExec:234 - Opening connection {}->http://localhost:23818
2017-09-26 19:56:16 DEBUG DefaultHttpClientConnectionOperator:138 - Connecting to localhost/127.0.0.1:23818
2017-09-26 19:56:16 DEBUG DefaultHttpClientConnectionOperator:145 - Connection established 127.0.0.1:54410<->127.0.0.1:23818
2017-09-26 19:56:16 DEBUG DefaultManagedHttpClientConnection:90 - http-outgoing-27: set socket timeout to 10800000
2017-09-26 19:56:16 DEBUG MainClientExec:255 - Executing request POST /session/78751794dcff9c2bbc1f761e0b9e7a1e/element HTTP/1.1
2017-09-26 19:56:16 DEBUG MainClientExec:260 - Target auth state: UNCHALLENGED
2017-09-26 19:56:16 DEBUG MainClientExec:266 - Proxy auth state: UNCHALLENGED
2017-09-26 19:56:16 DEBUG headers:135 - http-outgoing-27 >> POST /session/78751794dcff9c2bbc1f761e0b9e7a1e/element HTTP/1.1
2017-09-26 19:56:16 DEBUG headers:138 - http-outgoing-27 >> Content-Type: application/json; charset=utf-8
2017-09-26 19:56:16 DEBUG headers:138 - http-outgoing-27 >> Content-Length: 28
2017-09-26 19:56:16 DEBUG headers:138 - http-outgoing-27 >> Host: localhost:23818
2017-09-26 19:56:16 DEBUG headers:138 - http-outgoing-27 >> Connection: Keep-Alive
2017-09-26 19:56:16 DEBUG headers:138 - http-outgoing-27 >> User-Agent: Apache-HttpClient/4.5.2 (Java/1.8.0_144)
2017-09-26 19:56:16 DEBUG headers:138 - http-outgoing-27 >> Accept-Encoding: gzip,deflate
2017-09-26 19:56:16 DEBUG wire:72 - http-outgoing-27 >> "POST /session/78751794dcff9c2bbc1f761e0b9e7a1e/element HTTP/1.1[\r][\n]"
2017-09-26 19:56:16 DEBUG wire:72 - http-outgoing-27 >> "Content-Type: application/json; charset=utf-8[\r][\n]"
2017-09-26 19:56:16 DEBUG wire:72 - http-outgoing-27 >> "Content-Length: 28[\r][\n]"
2017-09-26 19:56:16 DEBUG wire:72 - http-outgoing-27 >> "Host: localhost:23818[\r][\n]"
2017-09-26 19:56:16 DEBUG wire:72 - http-outgoing-27 >> "Connection: Keep-Alive[\r][\n]"
2017-09-26 19:56:16 DEBUG wire:72 - http-outgoing-27 >> "User-Agent: Apache-HttpClient/4.5.2 (Java/1.8.0_144)[\r][\n]"
2017-09-26 19:56:16 DEBUG wire:72 - http-outgoing-27 >> "Accept-Encoding: gzip,deflate[\r][\n]"
2017-09-26 19:56:16 DEBUG wire:72 - http-outgoing-27 >> "[\r][\n]"
2017-09-26 19:56:16 DEBUG wire:86 - http-outgoing-27 >> "{"using":"id","value":"add"}"
2017-09-26 19:56:16 DEBUG wire:72 - http-outgoing-27 << "HTTP/1.1 200 OK[\r][\n]"
2017-09-26 19:56:16 DEBUG wire:72 - http-outgoing-27 << "Content-Length:102[\r][\n]"
2017-09-26 19:56:16 DEBUG wire:72 - http-outgoing-27 << "Content-Type:application/json; charset=utf-8[\r][\n]"
2017-09-26 19:56:16 DEBUG wire:72 - http-outgoing-27 << "Connection:close[\r][\n]"
2017-09-26 19:56:16 DEBUG wire:72 - http-outgoing-27 << "[\r][\n]"
2017-09-26 19:56:16 DEBUG wire:86 - http-outgoing-27 << "{"sessionId":"78751794dcff9c2bbc1f761e0b9e7a1e","status":0,"value":{"ELEMENT":"0.8815912663439938-1"}}"
2017-09-26 19:56:16 DEBUG headers:124 - http-outgoing-27 << HTTP/1.1 200 OK
2017-09-26 19:56:16 DEBUG headers:127 - http-outgoing-27 << Content-Length:102
2017-09-26 19:56:16 DEBUG headers:127 - http-outgoing-27 << Content-Type:application/json; charset=utf-8
2017-09-26 19:56:16 DEBUG headers:127 - http-outgoing-27 << Connection:close
2017-09-26 19:56:16 DEBUG DefaultManagedHttpClientConnection:81 - http-outgoing-27: Close connection
2017-09-26 19:56:16 DEBUG MainClientExec:103 - Connection discarded
2017-09-26 19:56:16 DEBUG PoolingHttpClientConnectionManager:320 - Connection released: [id: 27][route: {}->http://localhost:23818][total kept alive: 0; route allocated: 0 of 2000; total allocated: 0 of 2000]
2017-09-26 19:56:16 DEBUG RequestAddCookies:122 - CookieSpec selected: default
2017-09-26 19:56:16 DEBUG RequestAuthCache:76 - Auth cache not set in the context
2017-09-26 19:56:16 DEBUG PoolingHttpClientConnectionManager:249 - Connection request: [route: {}->http://localhost:23818][total kept alive: 0; route allocated: 0 of 2000; total allocated: 0 of 2000]
2017-09-26 19:56:16 DEBUG PoolingHttpClientConnectionManager:282 - Connection leased: [id: 28][route: {}->http://localhost:23818][total kept alive: 0; route allocated: 1 of 2000; total allocated: 1 of 2000]
2017-09-26 19:56:16 DEBUG MainClientExec:234 - Opening connection {}->http://localhost:23818
2017-09-26 19:56:16 DEBUG DefaultHttpClientConnectionOperator:138 - Connecting to localhost/127.0.0.1:23818
2017-09-26 19:56:16 DEBUG DefaultHttpClientConnectionOperator:145 - Connection established 127.0.0.1:54411<->127.0.0.1:23818
2017-09-26 19:56:16 DEBUG DefaultManagedHttpClientConnection:90 - http-outgoing-28: set socket timeout to 10800000
2017-09-26 19:56:16 DEBUG MainClientExec:255 - Executing request POST /session/78751794dcff9c2bbc1f761e0b9e7a1e/element/0.8815912663439938-1/click HTTP/1.1
2017-09-26 19:56:16 DEBUG MainClientExec:260 - Target auth state: UNCHALLENGED
2017-09-26 19:56:16 DEBUG MainClientExec:266 - Proxy auth state: UNCHALLENGED
2017-09-26 19:56:16 DEBUG headers:135 - http-outgoing-28 >> POST /session/78751794dcff9c2bbc1f761e0b9e7a1e/element/0.8815912663439938-1/click HTTP/1.1
2017-09-26 19:56:16 DEBUG headers:138 - http-outgoing-28 >> Content-Type: application/json; charset=utf-8
2017-09-26 19:56:16 DEBUG headers:138 - http-outgoing-28 >> Content-Length: 29
2017-09-26 19:56:16 DEBUG headers:138 - http-outgoing-28 >> Host: localhost:23818
2017-09-26 19:56:16 DEBUG headers:138 - http-outgoing-28 >> Connection: Keep-Alive
2017-09-26 19:56:16 DEBUG headers:138 - http-outgoing-28 >> User-Agent: Apache-HttpClient/4.5.2 (Java/1.8.0_144)
2017-09-26 19:56:16 DEBUG headers:138 - http-outgoing-28 >> Accept-Encoding: gzip,deflate
2017-09-26 19:56:16 DEBUG wire:72 - http-outgoing-28 >> "POST /session/78751794dcff9c2bbc1f761e0b9e7a1e/element/0.8815912663439938-1/click HTTP/1.1[\r][\n]"
2017-09-26 19:56:16 DEBUG wire:72 - http-outgoing-28 >> "Content-Type: application/json; charset=utf-8[\r][\n]"
2017-09-26 19:56:16 DEBUG wire:72 - http-outgoing-28 >> "Content-Length: 29[\r][\n]"
2017-09-26 19:56:16 DEBUG wire:72 - http-outgoing-28 >> "Host: localhost:23818[\r][\n]"
2017-09-26 19:56:16 DEBUG wire:72 - http-outgoing-28 >> "Connection: Keep-Alive[\r][\n]"
2017-09-26 19:56:16 DEBUG wire:72 - http-outgoing-28 >> "User-Agent: Apache-HttpClient/4.5.2 (Java/1.8.0_144)[\r][\n]"
2017-09-26 19:56:16 DEBUG wire:72 - http-outgoing-28 >> "Accept-Encoding: gzip,deflate[\r][\n]"
2017-09-26 19:56:16 DEBUG wire:72 - http-outgoing-28 >> "[\r][\n]"
2017-09-26 19:56:16 DEBUG wire:86 - http-outgoing-28 >> "{"id":"0.8815912663439938-1"}"
2017-09-26 19:56:16 DEBUG wire:72 - http-outgoing-28 << "HTTP/1.1 200 OK[\r][\n]"
2017-09-26 19:56:16 DEBUG wire:72 - http-outgoing-28 << "Content-Length:72[\r][\n]"
2017-09-26 19:56:16 DEBUG wire:72 - http-outgoing-28 << "Content-Type:application/json; charset=utf-8[\r][\n]"
2017-09-26 19:56:16 DEBUG wire:72 - http-outgoing-28 << "Connection:close[\r][\n]"
2017-09-26 19:56:16 DEBUG wire:72 - http-outgoing-28 << "[\r][\n]"
2017-09-26 19:56:16 DEBUG wire:86 - http-outgoing-28 << "{"sessionId":"78751794dcff9c2bbc1f761e0b9e7a1e","status":0,"value":null}"
2017-09-26 19:56:16 DEBUG headers:124 - http-outgoing-28 << HTTP/1.1 200 OK
2017-09-26 19:56:16 DEBUG headers:127 - http-outgoing-28 << Content-Length:72
2017-09-26 19:56:16 DEBUG headers:127 - http-outgoing-28 << Content-Type:application/json; charset=utf-8
2017-09-26 19:56:16 DEBUG headers:127 - http-outgoing-28 << Connection:close
2017-09-26 19:56:16 DEBUG DefaultManagedHttpClientConnection:81 - http-outgoing-28: Close connection
2017-09-26 19:56:16 DEBUG MainClientExec:103 - Connection discarded
2017-09-26 19:56:16 DEBUG PoolingHttpClientConnectionManager:320 - Connection released: [id: 28][route: {}->http://localhost:23818][total kept alive: 0; route allocated: 0 of 2000; total allocated: 0 of 2000]
2017-09-26 19:56:16 DEBUG RequestAddCookies:122 - CookieSpec selected: default
2017-09-26 19:56:16 DEBUG RequestAuthCache:76 - Auth cache not set in the context
2017-09-26 19:56:16 DEBUG PoolingHttpClientConnectionManager:249 - Connection request: [route: {}->http://localhost:23818][total kept alive: 0; route allocated: 0 of 2000; total allocated: 0 of 2000]
2017-09-26 19:56:16 DEBUG PoolingHttpClientConnectionManager:282 - Connection leased: [id: 29][route: {}->http://localhost:23818][total kept alive: 0; route allocated: 1 of 2000; total allocated: 1 of 2000]
2017-09-26 19:56:16 DEBUG MainClientExec:234 - Opening connection {}->http://localhost:23818
2017-09-26 19:56:16 DEBUG DefaultHttpClientConnectionOperator:138 - Connecting to localhost/127.0.0.1:23818
2017-09-26 19:56:16 DEBUG DefaultHttpClientConnectionOperator:145 - Connection established 127.0.0.1:54416<->127.0.0.1:23818
2017-09-26 19:56:16 DEBUG DefaultManagedHttpClientConnection:90 - http-outgoing-29: set socket timeout to 10800000
2017-09-26 19:56:16 DEBUG MainClientExec:255 - Executing request GET /session/78751794dcff9c2bbc1f761e0b9e7a1e/source HTTP/1.1
2017-09-26 19:56:16 DEBUG MainClientExec:260 - Target auth state: UNCHALLENGED
2017-09-26 19:56:16 DEBUG MainClientExec:266 - Proxy auth state: UNCHALLENGED
2017-09-26 19:56:16 DEBUG headers:135 - http-outgoing-29 >> GET /session/78751794dcff9c2bbc1f761e0b9e7a1e/source HTTP/1.1
2017-09-26 19:56:16 DEBUG headers:138 - http-outgoing-29 >> Cache-Control: no-cache
2017-09-26 19:56:16 DEBUG headers:138 - http-outgoing-29 >> Host: localhost:23818
2017-09-26 19:56:16 DEBUG headers:138 - http-outgoing-29 >> Connection: Keep-Alive
2017-09-26 19:56:16 DEBUG headers:138 - http-outgoing-29 >> User-Agent: Apache-HttpClient/4.5.2 (Java/1.8.0_144)
2017-09-26 19:56:16 DEBUG headers:138 - http-outgoing-29 >> Accept-Encoding: gzip,deflate
2017-09-26 19:56:16 DEBUG wire:72 - http-outgoing-29 >> "GET /session/78751794dcff9c2bbc1f761e0b9e7a1e/source HTTP/1.1[\r][\n]"
2017-09-26 19:56:16 DEBUG wire:72 - http-outgoing-29 >> "Cache-Control: no-cache[\r][\n]"
2017-09-26 19:56:16 DEBUG wire:72 - http-outgoing-29 >> "Host: localhost:23818[\r][\n]"
2017-09-26 19:56:16 DEBUG wire:72 - http-outgoing-29 >> "Connection: Keep-Alive[\r][\n]"
2017-09-26 19:56:16 DEBUG wire:72 - http-outgoing-29 >> "User-Agent: Apache-HttpClient/4.5.2 (Java/1.8.0_144)[\r][\n]"
2017-09-26 19:56:16 DEBUG wire:72 - http-outgoing-29 >> "Accept-Encoding: gzip,deflate[\r][\n]"
2017-09-26 19:56:16 DEBUG wire:72 - http-outgoing-29 >> "[\r][\n]"
2017-09-26 19:56:16 DEBUG wire:72 - http-outgoing-29 << "HTTP/1.1 200 OK[\r][\n]"
2017-09-26 19:56:16 DEBUG wire:72 - http-outgoing-29 << "Content-Length:6782[\r][\n]"
2017-09-26 19:56:16 DEBUG wire:72 - http-outgoing-29 << "Content-Type:application/json; charset=utf-8[\r][\n]"
2017-09-26 19:56:16 DEBUG wire:72 - http-outgoing-29 << "Connection:close[\r][\n]"
2017-09-26 19:56:16 DEBUG wire:72 - http-outgoing-29 << "[\r][\n]"
2017-09-26 19:56:16 DEBUG wire:86 - http-outgoing-29 << "{"sessionId":"78751794dcff9c2bbc1f761e0b9e7a1e","status":0,"value":"\u003C!--?xml version=\"1.0\" encoding=\"UTF-8\"?-->\u003C!DOCTYPE html PUBLIC \"-//W3C//DTD XHTML 1.0 Transitional//EN\" \"http://www.w3.org/TR/xhtml1/DTD/xhtml1-transitional.dtd\">\u003Chtml xmlns=\"http://www.w3.org/1999/xhtml\">\u003Chead>\u003Clink type=\"text/css\" rel=\"stylesheet\" href=\"/JavaServerFaces/faces/javax.faces.resource/style.css?ln=css\" />\u003Ctitle>Demo Opprette Kunde\u003C/title>\u003C/head>\u003Cbody>\n\t\u003Ccenter>\n\n\t\t\u003Ch3>Opprette Kunde\u003C/h3>\n\u003Cform id=\"j_idt10\" name=\"j_idt10\" method=\"post\" action=\"/JavaServerFaces/faces/add.xhtml;jsessionid=BEF4D9B1DA2EDE96328D8118BAC84080\" enctype=\"application/x-www-form-urlencoded\">\n\u003Cinput type=\"hidden\" name=\"j_idt10\" value=\"j_idt10\" />\n\u003Ctable>\n\u003Ctbody>\n\u003Ctr>\n\u003Ctd>\t\t\t\t\n\t\t\t    Navn : \n\t\t\t\t\u003C/td>\n\u003Ctd>\u003Cinput id=\"j_idt10:name\" type=\"text\" name=\"j_idt10:name\" size=\"30\" />\u003C/td>\n\u003Ctd>\u003C/td>\n\u003C/tr>\n\u003Ctr>\n\u003Ctd>\n\t\t\t\t\n\t\t\t\tKj[0xc3][0xb8]nn :\n\t\t\t\t\u003C/td>\n\u003Ctd>\u003Ctable id=\"j_idt10:gender\">\n\t\u003Ctbody>\u003Ctr>\n\u003Ctd>\n\u003Cinput type=\"radio\" name=\"j_idt10:gender\" id=\"j_idt10:gender:0\" value=\"Mann\" />\u003Clabel for=\"j_idt10:gender:0\"> Mann\u003C/label>\u003C/td>\n\u003Ctd>\n\u003Cinput type=\"radio\" name=\"j_idt10:gender\" id=\"j_idt10:gender:1\" value=\"Kvinne\" />\u003Clabel for=\"j_idt10:gender:1\"> Kvinne\u003C/label>\u003C/td>\n\t\u003C/tr>\n\u003C/tbody>\u003C/table>\u003C/td>\n\u003Ctd>\u003C/td>\n\u003C/tr>\n\u003Ctr>\n\u003Ctd>\n\t\t\t\t\t\t\t\t\n\t\t\t    Adresse : \n\t\t\t\t\u003C/td>\n\u003Ctd>\u003Ctextarea id=\"j_idt10:address\" name=\"j_idt10:address\" cols=\"30\" rows=\"4\">\u003C/textarea>\u003C/td>\n\u003Ctd>\u003C/td>\n\u003C/tr>\n\u003Ctr>\n\u003Ctd>\n\t\t\t\t\n\t\t\t\tLand:\n\t\t\t\t\u003C/td>\n\u003Ctd>\u003Cselect id=\"j_idt10:country\" name=\"j_idt10:country\" size=\"1\">\t\u003Coption value=\"\">------------\u003C/option>\n\t\u003Coption value=\"England\">England\u003C/option>\n\t\u003Coption value=\"Norge\">Norge\u003C/option>\n\t\u003Coption value=\"Thailand\">Thailand\u003C/option>\n\t\u003Coption value=\"USA\">USA\u003C/option>\n\u003C/select>\u003C/td>\n\u003Ctd>\u003C/td>\n\u003C/tr>\n\u003Ctr>\n\u003Ctd>\n\t\t\t\t\n\t\t\t\t[0xc3][0x98]nsker:\n   \t\t\t\t\u003C/td>\n\u003Ctd>\u003Ctable id=\"j_idt10:receive\">\n\t\u003Ctbody>\u003Ctr>\n\u003Ctd>\n\u003Cinput name=\"j_idt10:receive\" id=\"j_idt10:receive:0\" value=\"E-post\" type=\"checkbox\" />\u003Clabel for=\"j_idt10:receive:0\" class=\"\"> E-post\u003C/label>\u003C/td>\n\u003Ctd>\n\u003Cinput name=\"j_idt10:receive\" id=\"j_idt10:receive:1\" value=\"SMS\" type=\"checkbox\" />\u003Clabel for=\"j_idt10:receive:1\" class=\"\"> SMS\u003C/label>\u003C/td>\n\t\u003C/tr>\n\u003C/tbody>\u003C/table>\u003C/td>\n\u003Ctd>\u003C/td>\n\u003C/tr>\n\u003C/tbody>\n\u003C/table>\n\u003Cinput type=\"submit\" name=\"j_idt10:j_idt31\" value=\"OK\" />\u003Cinput type=\"reset\" name=\"j_idt10:j_idt32\" value=\"Nullstill\" />\u003Cinput type=\"hidden\" name=\"javax.faces.ViewState\" id=\"javax.faces.ViewState\" value=\"2329007609505944506:5853139824891395243\" autocomplete=\"off\" />\n\u003C/form>\n\n\t\t\u003Cbr /> \u003Ca href=\"search.xhtml\" class=\"link\">S[0xc3][0xb8]k kunde\u003C/a>\u003Ctable class=\"order-table\">\n\u003Cthead>\n\u003Ctr>\n\u003Cth class=\"order-table-header\" scope=\"col\">\n    \t\t\t\tID\n    \t\t\t\u003C/th>\n\u003Cth class=\"order-table-header\" scope=\"col\">\n    \t\t\t\tNavn\n\t\t\t\t\u003C/th>\n\u003Cth class=\"order-table-header\" scope=\"col\">\n    \t\t\t\tKj[0xc3][0xb8]nn\n\t\t\t\t\u003C/th>\n\u003Cth class=\"order-table-header\" scope=\"col\">\n    \t\t\t\tAdresse\n\t\t\t\t\u003C/th>\n\u003Cth class=\"order-table-header\" scope=\"col\">\n    \t\t\t\tLand\n\t\t\t\t\u003C/th>\n\u003Cth class=\"order-table-header\" scope=\"col\">\n    \t\t\t\t[0xc3][0x98]nsker\n\t\t\t\t\u003C/th>\n\u003Cth class=\"order-table-header\" scope=\"col\">\n    \t\t\t\tDato\n\t\t\t\t\u003C/th>\n\u003Cth class=\"order-table-header\" scope=\"col\">\n\t\t\t\tSlett\n\t\t\t\t\u003C/th>\n\u003C/tr>\n\u003C/thead>\n\u003Ctbody>\n\u003Ctr class=\"order-table-odd-row\">\n\u003Ctd>\n    \t\t\t\t1\n    \t\t\u003C/td>\n\u003Ctd>\n    \t\t\t\tWasana\n    \t\t\u003C/td>\n\u003Ctd>\n    \t\t\t\tKvinne\n    \t\t\u003C/td>\n\u003Ctd>\n    \t\t\t\tOslo\n    \t\t\u003C/td>\n\u003Ctd>\n    \t\t\t\tNorge\n    \t\t\u003C/td>\n\u003Ctd>\n    \t\t\t\t[E-post, SMS]\n    \t\t\u003C/td>\n\u003Ctd>\n    \t\t\t\t2017-09-25 10:04:25.0\n    \t\t\u003C/td>\n\u003Ctd>\n\u003Cform id=\"j_idt34:0:j_idt58\" name=\"j_idt34:0:j_idt58\" method=\"post\" action=\"/JavaServerFaces/faces/add.xhtml;jsessionid=BEF4D9B1DA2EDE96328D8118BAC84080\" enctype=\"application/x-www-form-urlencoded\">\n\u003Cinput type=\"hidden\" name=\"j_idt34:0:j_idt58\" value=\"j_idt34:0:j_idt58\" />\n\n\u003Cscript type=\"text/javascript\" src=\"/JavaServerFaces/faces/javax.faces.resource/jsf.js?ln=javax.faces&amp;stage=Development\">\u003C/script>\n\u003Cinput type=\"submit\" name=\"j_idt34:0:j_idt58:j_idt59\" value=\"Slett\" onclick=\"mojarra.jsfcljs(document.getElementById('j_idt34:0:j_idt58'),{'j_idt34:0:j_idt58:j_idt59':'j_idt34:0:j_idt58:j_idt59','customerId':'1'},'');return false\" />\u003Cinput type=\"hidden\" name=\"javax.faces.ViewState\" id=\"javax.faces.ViewState\" value=\"2329007609505944506:5853139824891395243\" autocomplete=\"off\" />\n\u003C/form>\u003C/td>\n\u003C/tr>\n\u003Ctr class=\"order-table-even-row\">\n\u003Ctd>\n    \t\t\t\t2\n    \t\t\u003C/td>\n\u003Ctd>\n    \t\t\t\tNina\n    \t\t\u003C/td>\n\u003Ctd>\n    \t\t\t\tMann\n    \t\t\u003C/td>\n\u003Ctd>\n    \t\t\t\tOslo 23\n    \t\t\u003C/td>\n\u003Ctd>\n    \t\t\t\tNorge\n    \t\t\u003C/td>\n\u003Ctd>\n    \t\t\t\t[E-post, SMS]\n    \t\t\u003C/td>\n\u003Ctd>\n    \t\t\t\t2017-09-26 19:55:52.0\n    \t\t\u003C/td>\n\u003Ctd>\n\u003Cform id=\"j_idt34:1:j_idt58\" name=\"j_idt34:1:j_idt58\" method=\"post\" action=\"/JavaServerFaces/faces/add.xhtml;jsessionid=BEF4D9B1DA2EDE96328D8118BAC84080\" enctype=\"application/x-www-form-urlencoded\">\n\u003Cinput type=\"hidden\" name=\"j_idt34:1:j_idt58\" value=\"j_idt34:1:j_idt58\" />\n\u003Cinput type=\"submit\" name=\"j_idt34:1:j_idt58:j_idt59\" value=\"Slett\" onclick=\"mojarra.jsfcljs(document.getElementById('j_idt34:1:j_idt58'),{'j_idt34:1:j_idt58:j_idt59':'j_idt34:1:j_idt58:j_idt59','customerId':'2'},'');return false\" />\u003Cinput type=\"hidden\" name=\"javax.faces.ViewState\" id=\"javax.faces.ViewState\" value=\"2329007609505944506:5853139824891395243\" autocomplete=\"off\" />\n\u003C/form>\u003C/td>\n\u003C/tr>\n\u003C/tbody>\n\u003C/table>\n\n\t\u003C/center>\n\u003C/body>\u003C/html>"}"
2017-09-26 19:56:16 DEBUG headers:124 - http-outgoing-29 << HTTP/1.1 200 OK
2017-09-26 19:56:16 DEBUG headers:127 - http-outgoing-29 << Content-Length:6782
2017-09-26 19:56:16 DEBUG headers:127 - http-outgoing-29 << Content-Type:application/json; charset=utf-8
2017-09-26 19:56:16 DEBUG headers:127 - http-outgoing-29 << Connection:close
2017-09-26 19:56:16 DEBUG DefaultManagedHttpClientConnection:81 - http-outgoing-29: Close connection
2017-09-26 19:56:16 DEBUG MainClientExec:103 - Connection discarded
2017-09-26 19:56:16 DEBUG PoolingHttpClientConnectionManager:320 - Connection released: [id: 29][route: {}->http://localhost:23818][total kept alive: 0; route allocated: 0 of 2000; total allocated: 0 of 2000]
2017-09-26 19:56:16 DEBUG RequestAddCookies:122 - CookieSpec selected: default
2017-09-26 19:56:16 DEBUG RequestAuthCache:76 - Auth cache not set in the context
2017-09-26 19:56:16 DEBUG PoolingHttpClientConnectionManager:249 - Connection request: [route: {}->http://localhost:23818][total kept alive: 0; route allocated: 0 of 2000; total allocated: 0 of 2000]
2017-09-26 19:56:16 DEBUG PoolingHttpClientConnectionManager:282 - Connection leased: [id: 30][route: {}->http://localhost:23818][total kept alive: 0; route allocated: 1 of 2000; total allocated: 1 of 2000]
2017-09-26 19:56:16 DEBUG MainClientExec:234 - Opening connection {}->http://localhost:23818
2017-09-26 19:56:16 DEBUG DefaultHttpClientConnectionOperator:138 - Connecting to localhost/127.0.0.1:23818
2017-09-26 19:56:16 DEBUG DefaultHttpClientConnectionOperator:145 - Connection established 127.0.0.1:54417<->127.0.0.1:23818
2017-09-26 19:56:16 DEBUG DefaultManagedHttpClientConnection:90 - http-outgoing-30: set socket timeout to 10800000
2017-09-26 19:56:16 DEBUG MainClientExec:255 - Executing request GET /session/78751794dcff9c2bbc1f761e0b9e7a1e/url HTTP/1.1
2017-09-26 19:56:16 DEBUG MainClientExec:260 - Target auth state: UNCHALLENGED
2017-09-26 19:56:16 DEBUG MainClientExec:266 - Proxy auth state: UNCHALLENGED
2017-09-26 19:56:16 DEBUG headers:135 - http-outgoing-30 >> GET /session/78751794dcff9c2bbc1f761e0b9e7a1e/url HTTP/1.1
2017-09-26 19:56:16 DEBUG headers:138 - http-outgoing-30 >> Cache-Control: no-cache
2017-09-26 19:56:16 DEBUG headers:138 - http-outgoing-30 >> Host: localhost:23818
2017-09-26 19:56:16 DEBUG headers:138 - http-outgoing-30 >> Connection: Keep-Alive
2017-09-26 19:56:16 DEBUG headers:138 - http-outgoing-30 >> User-Agent: Apache-HttpClient/4.5.2 (Java/1.8.0_144)
2017-09-26 19:56:16 DEBUG headers:138 - http-outgoing-30 >> Accept-Encoding: gzip,deflate
2017-09-26 19:56:16 DEBUG wire:72 - http-outgoing-30 >> "GET /session/78751794dcff9c2bbc1f761e0b9e7a1e/url HTTP/1.1[\r][\n]"
2017-09-26 19:56:16 DEBUG wire:72 - http-outgoing-30 >> "Cache-Control: no-cache[\r][\n]"
2017-09-26 19:56:16 DEBUG wire:72 - http-outgoing-30 >> "Host: localhost:23818[\r][\n]"
2017-09-26 19:56:16 DEBUG wire:72 - http-outgoing-30 >> "Connection: Keep-Alive[\r][\n]"
2017-09-26 19:56:16 DEBUG wire:72 - http-outgoing-30 >> "User-Agent: Apache-HttpClient/4.5.2 (Java/1.8.0_144)[\r][\n]"
2017-09-26 19:56:16 DEBUG wire:72 - http-outgoing-30 >> "Accept-Encoding: gzip,deflate[\r][\n]"
2017-09-26 19:56:16 DEBUG wire:72 - http-outgoing-30 >> "[\r][\n]"
2017-09-26 19:56:16 DEBUG wire:72 - http-outgoing-30 << "HTTP/1.1 200 OK[\r][\n]"
2017-09-26 19:56:16 DEBUG wire:72 - http-outgoing-30 << "Content-Length:123[\r][\n]"
2017-09-26 19:56:16 DEBUG wire:72 - http-outgoing-30 << "Content-Type:application/json; charset=utf-8[\r][\n]"
2017-09-26 19:56:16 DEBUG wire:72 - http-outgoing-30 << "Connection:close[\r][\n]"
2017-09-26 19:56:16 DEBUG wire:72 - http-outgoing-30 << "[\r][\n]"
2017-09-26 19:56:16 DEBUG wire:86 - http-outgoing-30 << "{"sessionId":"78751794dcff9c2bbc1f761e0b9e7a1e","status":0,"value":"http://localhost:8181/JavaServerFaces/faces/add.xhtml"}"
2017-09-26 19:56:16 DEBUG headers:124 - http-outgoing-30 << HTTP/1.1 200 OK
2017-09-26 19:56:16 DEBUG headers:127 - http-outgoing-30 << Content-Length:123
2017-09-26 19:56:16 DEBUG headers:127 - http-outgoing-30 << Content-Type:application/json; charset=utf-8
2017-09-26 19:56:16 DEBUG headers:127 - http-outgoing-30 << Connection:close
2017-09-26 19:56:16 DEBUG DefaultManagedHttpClientConnection:81 - http-outgoing-30: Close connection
2017-09-26 19:56:16 DEBUG MainClientExec:103 - Connection discarded
2017-09-26 19:56:16 DEBUG PoolingHttpClientConnectionManager:320 - Connection released: [id: 30][route: {}->http://localhost:23818][total kept alive: 0; route allocated: 0 of 2000; total allocated: 0 of 2000]
2017-09-26 19:56:26 DEBUG RequestAddCookies:122 - CookieSpec selected: default
2017-09-26 19:56:26 DEBUG RequestAuthCache:76 - Auth cache not set in the context
2017-09-26 19:56:26 DEBUG PoolingHttpClientConnectionManager:249 - Connection request: [route: {}->http://localhost:23818][total kept alive: 0; route allocated: 0 of 2000; total allocated: 0 of 2000]
2017-09-26 19:56:26 DEBUG PoolingHttpClientConnectionManager:282 - Connection leased: [id: 31][route: {}->http://localhost:23818][total kept alive: 0; route allocated: 1 of 2000; total allocated: 1 of 2000]
2017-09-26 19:56:26 DEBUG MainClientExec:234 - Opening connection {}->http://localhost:23818
2017-09-26 19:56:26 DEBUG DefaultHttpClientConnectionOperator:138 - Connecting to localhost/127.0.0.1:23818
2017-09-26 19:56:26 DEBUG DefaultHttpClientConnectionOperator:145 - Connection established 127.0.0.1:54444<->127.0.0.1:23818
2017-09-26 19:56:26 DEBUG DefaultManagedHttpClientConnection:90 - http-outgoing-31: set socket timeout to 10800000
2017-09-26 19:56:26 DEBUG MainClientExec:255 - Executing request DELETE /session/78751794dcff9c2bbc1f761e0b9e7a1e HTTP/1.1
2017-09-26 19:56:26 DEBUG MainClientExec:260 - Target auth state: UNCHALLENGED
2017-09-26 19:56:26 DEBUG MainClientExec:266 - Proxy auth state: UNCHALLENGED
2017-09-26 19:56:26 DEBUG headers:135 - http-outgoing-31 >> DELETE /session/78751794dcff9c2bbc1f761e0b9e7a1e HTTP/1.1
2017-09-26 19:56:26 DEBUG headers:138 - http-outgoing-31 >> Host: localhost:23818
2017-09-26 19:56:26 DEBUG headers:138 - http-outgoing-31 >> Connection: Keep-Alive
2017-09-26 19:56:26 DEBUG headers:138 - http-outgoing-31 >> User-Agent: Apache-HttpClient/4.5.2 (Java/1.8.0_144)
2017-09-26 19:56:26 DEBUG headers:138 - http-outgoing-31 >> Accept-Encoding: gzip,deflate
2017-09-26 19:56:26 DEBUG wire:72 - http-outgoing-31 >> "DELETE /session/78751794dcff9c2bbc1f761e0b9e7a1e HTTP/1.1[\r][\n]"
2017-09-26 19:56:26 DEBUG wire:72 - http-outgoing-31 >> "Host: localhost:23818[\r][\n]"
2017-09-26 19:56:26 DEBUG wire:72 - http-outgoing-31 >> "Connection: Keep-Alive[\r][\n]"
2017-09-26 19:56:26 DEBUG wire:72 - http-outgoing-31 >> "User-Agent: Apache-HttpClient/4.5.2 (Java/1.8.0_144)[\r][\n]"
2017-09-26 19:56:26 DEBUG wire:72 - http-outgoing-31 >> "Accept-Encoding: gzip,deflate[\r][\n]"
2017-09-26 19:56:26 DEBUG wire:72 - http-outgoing-31 >> "[\r][\n]"
2017-09-26 19:56:27 DEBUG wire:72 - http-outgoing-31 << "HTTP/1.1 200 OK[\r][\n]"
2017-09-26 19:56:27 DEBUG wire:72 - http-outgoing-31 << "Content-Length:72[\r][\n]"
2017-09-26 19:56:27 DEBUG wire:72 - http-outgoing-31 << "Content-Type:application/json; charset=utf-8[\r][\n]"
2017-09-26 19:56:27 DEBUG wire:72 - http-outgoing-31 << "Connection:close[\r][\n]"
2017-09-26 19:56:27 DEBUG wire:72 - http-outgoing-31 << "[\r][\n]"
2017-09-26 19:56:27 DEBUG wire:86 - http-outgoing-31 << "{"sessionId":"78751794dcff9c2bbc1f761e0b9e7a1e","status":0,"value":null}"
2017-09-26 19:56:27 DEBUG headers:124 - http-outgoing-31 << HTTP/1.1 200 OK
2017-09-26 19:56:27 DEBUG headers:127 - http-outgoing-31 << Content-Length:72
2017-09-26 19:56:27 DEBUG headers:127 - http-outgoing-31 << Content-Type:application/json; charset=utf-8
2017-09-26 19:56:27 DEBUG headers:127 - http-outgoing-31 << Connection:close
2017-09-26 19:56:27 DEBUG DefaultManagedHttpClientConnection:81 - http-outgoing-31: Close connection
2017-09-26 19:56:27 DEBUG MainClientExec:103 - Connection discarded
2017-09-26 19:56:27 DEBUG PoolingHttpClientConnectionManager:320 - Connection released: [id: 31][route: {}->http://localhost:23818][total kept alive: 0; route allocated: 0 of 2000; total allocated: 0 of 2000]
2017-09-26 19:56:27 DEBUG PoolingHttpClientConnectionManager:401 - Closing connections idle longer than 0 SECONDS
]]></system-out>
    <system-err><![CDATA[Starting ChromeDriver 2.28.455520 (cc17746adff54984afff480136733114c6b3704b) on port 23818
Only local connections are allowed.
Sep 26, 2017 7:56:06 PM org.openqa.selenium.remote.ProtocolHandshake createSession
INFO: Detected dialect: OSS
]]></system-err>
  </testcase>
</testsuite>